Copyright 1986-2022 Xilinx, Inc. All Rights Reserved. Copyright 2022-2023 Advanced Micro Devices, Inc. All Rights Reserved.
---------------------------------------------------------------------------------------------------------------------------------------------------------------------------------------------------------------
| Tool Version : Vivado v.2023.1 (win64) Build 3865809 Sun May  7 15:05:29 MDT 2023
| Date         : Thu Jan 25 18:04:50 2024
| Host         : DESKTOP-QFKULV6 running 64-bit major release  (build 9200)
| Command      : report_timing_summary -max_paths 10 -report_unconstrained -file nor_rs_timing_summary_routed.rpt -pb nor_rs_timing_summary_routed.pb -rpx nor_rs_timing_summary_routed.rpx -warn_on_violation
| Design       : nor_rs
| Device       : 7a35t-cpg236
| Speed File   : -1  PRODUCTION 1.23 2018-06-13
| Design State : Routed
---------------------------------------------------------------------------------------------------------------------------------------------------------------------------------------------------------------

Timing Summary Report

------------------------------------------------------------------------------------------------
| Timer Settings
| --------------
------------------------------------------------------------------------------------------------

  Enable Multi Corner Analysis               :  Yes
  Enable Pessimism Removal                   :  Yes
  Pessimism Removal Resolution               :  Nearest Common Node
  Enable Input Delay Default Clock           :  No
  Enable Preset / Clear Arcs                 :  No
  Disable Flight Delays                      :  No
  Ignore I/O Paths                           :  No
  Timing Early Launch at Borrowing Latches   :  No
  Borrow Time for Max Delay Exceptions       :  Yes
  Merge Timing Exceptions                    :  Yes

  Corner  Analyze    Analyze    
  Name    Max Paths  Min Paths  
  ------  ---------  ---------  
  Slow    Yes        Yes        
  Fast    Yes        Yes        


------------------------------------------------------------------------------------------------
| Report Methodology
| ------------------
------------------------------------------------------------------------------------------------

Rule       Severity  Description               Violations  
---------  --------  ------------------------  ----------  
TIMING-23  Warning   Combinational loop found  1           

Note: This report is based on the most recent report_methodology run and may not be up-to-date. Run report_methodology on the current design for the latest report.



check_timing report

Table of Contents
-----------------
1. checking no_clock (0)
2. checking constant_clock (0)
3. checking pulse_width_clock (0)
4. checking unconstrained_internal_endpoints (0)
5. checking no_input_delay (0)
6. checking no_output_delay (0)
7. checking multiple_clock (0)
8. checking generated_clocks (0)
9. checking loops (1)
10. checking partial_input_delay (0)
11. checking partial_output_delay (0)
12. checking latch_loops (0)

1. checking no_clock (0)
------------------------
 There are 0 register/latch pins with no clock.


2. checking constant_clock (0)
------------------------------
 There are 0 register/latch pins with constant_clock.


3. checking pulse_width_clock (0)
---------------------------------
 There are 0 register/latch pins which need pulse_width check


4. checking unconstrained_internal_endpoints (0)
------------------------------------------------
 There are 0 pins that are not constrained for maximum delay.

 There are 0 pins that are not constrained for maximum delay due to constant clock.


5. checking no_input_delay (0)
------------------------------
 There are 0 input ports with no input delay specified.

 There are 0 input ports with no input delay but user has a false path constraint.


6. checking no_output_delay (0)
-------------------------------
 There are 0 ports with no output delay specified.

 There are 0 ports with no output delay but user has a false path constraint

 There are 0 ports with no output delay but with a timing clock defined on it or propagating through it


7. checking multiple_clock (0)
------------------------------
 There are 0 register/latch pins with multiple clocks.


8. checking generated_clocks (0)
--------------------------------
 There are 0 generated clocks that are not connected to a clock source.


9. checking loops (1)
---------------------
 There is 1 combinational loop in the design. (HIGH)


10. checking partial_input_delay (0)
------------------------------------
 There are 0 input ports with partial input delay specified.


11. checking partial_output_delay (0)
-------------------------------------
 There are 0 ports with partial output delay specified.


12. checking latch_loops (0)
----------------------------
 There are 0 combinational latch loops in the design through latch input



------------------------------------------------------------------------------------------------
| Design Timing Summary
| ---------------------
------------------------------------------------------------------------------------------------

    WNS(ns)      TNS(ns)  TNS Failing Endpoints  TNS Total Endpoints      WHS(ns)      THS(ns)  THS Failing Endpoints  THS Total Endpoints     WPWS(ns)     TPWS(ns)  TPWS Failing Endpoints  TPWS Total Endpoints  
    -------      -------  ---------------------  -------------------      -------      -------  ---------------------  -------------------     --------     --------  ----------------------  --------------------  
        inf        0.000                      0                    2          inf        0.000                      0                    2           NA           NA                      NA                    NA  


There are no user specified timing constraints.


------------------------------------------------------------------------------------------------
| Clock Summary
| -------------
------------------------------------------------------------------------------------------------


------------------------------------------------------------------------------------------------
| Intra Clock Table
| -----------------
------------------------------------------------------------------------------------------------

Clock             WNS(ns)      TNS(ns)  TNS Failing Endpoints  TNS Total Endpoints      WHS(ns)      THS(ns)  THS Failing Endpoints  THS Total Endpoints     WPWS(ns)     TPWS(ns)  TPWS Failing Endpoints  TPWS Total Endpoints  
-----             -------      -------  ---------------------  -------------------      -------      -------  ---------------------  -------------------     --------     --------  ----------------------  --------------------  


------------------------------------------------------------------------------------------------
| Inter Clock Table
| -----------------
------------------------------------------------------------------------------------------------

From Clock    To Clock          WNS(ns)      TNS(ns)  TNS Failing Endpoints  TNS Total Endpoints      WHS(ns)      THS(ns)  THS Failing Endpoints  THS Total Endpoints  
----------    --------          -------      -------  ---------------------  -------------------      -------      -------  ---------------------  -------------------  


------------------------------------------------------------------------------------------------
| Other Path Groups Table
| -----------------------
------------------------------------------------------------------------------------------------

Path Group    From Clock    To Clock          WNS(ns)      TNS(ns)  TNS Failing Endpoints  TNS Total Endpoints      WHS(ns)      THS(ns)  THS Failing Endpoints  THS Total Endpoints  
----------    ----------    --------          -------      -------  ---------------------  -------------------      -------      -------  ---------------------  -------------------  


------------------------------------------------------------------------------------------------
| User Ignored Path Table
| -----------------------
------------------------------------------------------------------------------------------------

Path Group    From Clock    To Clock    
----------    ----------    --------    


------------------------------------------------------------------------------------------------
| Unconstrained Path Table
| ------------------------
------------------------------------------------------------------------------------------------

Path Group    From Clock    To Clock    
----------    ----------    --------    
(none)                                    


------------------------------------------------------------------------------------------------
| Timing Details
| --------------
------------------------------------------------------------------------------------------------


--------------------------------------------------------------------------------------
Path Group:  (none)
From Clock:  
  To Clock:  

Max Delay             2 Endpoints
Min Delay             2 Endpoints
--------------------------------------------------------------------------------------


Max Delay Paths
--------------------------------------------------------------------------------------
Slack:                    inf
  Source:                 s
                            (input port)
  Destination:            qb
                            (output port)
  Path Group:             (none)
  Path Type:              Max at Slow Process Corner
  Data Path Delay:        7.156ns  (logic 3.777ns (52.774%)  route 3.380ns (47.226%))
  Logic Levels:           4  (IBUF=1 LUT2=1 LUT3=1 OBUF=1)

    Location             Delay type                Incr(ns)  Path(ns)    Netlist Resource(s)
  -------------------------------------------------------------------    -------------------
    U16                                               0.000     0.000 f  s (IN)
                         net (fo=0)                   0.000     0.000    s
    U16                  IBUF (Prop_ibuf_I_O)         0.935     0.935 f  s_IBUF_inst/O
                         net (fo=2, routed)           1.392     2.327    s_IBUF
    SLICE_X0Y1           LUT3 (Prop_lut3_I2_O)        0.124     2.451 f  q_OBUF_inst_i_1/O
                         net (fo=3, routed)           0.301     2.752    q_OBUF
    SLICE_X0Y1           LUT2 (Prop_lut2_I1_O)        0.124     2.876 r  qb_OBUF_inst_i_1/O
                         net (fo=1, routed)           1.686     4.563    qb_OBUF
    V14                  OBUF (Prop_obuf_I_O)         2.594     7.156 r  qb_OBUF_inst/O
                         net (fo=0)                   0.000     7.156    qb
    V14                                                               r  qb (OUT)
  -------------------------------------------------------------------    -------------------

Slack:                    inf
  Source:                 s
                            (input port)
  Destination:            q
                            (output port)
  Path Group:             (none)
  Path Type:              Max at Slow Process Corner
  Data Path Delay:        6.741ns  (logic 3.658ns (54.269%)  route 3.083ns (45.731%))
  Logic Levels:           3  (IBUF=1 LUT3=1 OBUF=1)

    Location             Delay type                Incr(ns)  Path(ns)    Netlist Resource(s)
  -------------------------------------------------------------------    -------------------
    U16                                               0.000     0.000 r  s (IN)
                         net (fo=0)                   0.000     0.000    s
    U16                  IBUF (Prop_ibuf_I_O)         0.935     0.935 r  s_IBUF_inst/O
                         net (fo=2, routed)           1.392     2.327    s_IBUF
    SLICE_X0Y1           LUT3 (Prop_lut3_I2_O)        0.124     2.451 r  q_OBUF_inst_i_1/O
                         net (fo=3, routed)           1.690     4.142    q_OBUF
    U14                  OBUF (Prop_obuf_I_O)         2.599     6.741 r  q_OBUF_inst/O
                         net (fo=0)                   0.000     6.741    q
    U14                                                               r  q (OUT)
  -------------------------------------------------------------------    -------------------





Min Delay Paths
--------------------------------------------------------------------------------------
Slack:                    inf
  Source:                 r
                            (input port)
  Destination:            q
                            (output port)
  Path Group:             (none)
  Path Type:              Min at Fast Process Corner
  Data Path Delay:        2.022ns  (logic 1.325ns (65.502%)  route 0.698ns (34.498%))
  Logic Levels:           3  (IBUF=1 LUT3=1 OBUF=1)

    Location             Delay type                Incr(ns)  Path(ns)    Netlist Resource(s)
  -------------------------------------------------------------------    -------------------
    V13                                               0.000     0.000 f  r (IN)
                         net (fo=0)                   0.000     0.000    r
    V13                  IBUF (Prop_ibuf_I_O)         0.163     0.163 f  r_IBUF_inst/O
                         net (fo=1, routed)           0.342     0.505    r_IBUF
    SLICE_X0Y1           LUT3 (Prop_lut3_I0_O)        0.045     0.550 r  q_OBUF_inst_i_1/O
                         net (fo=3, routed)           0.356     0.906    q_OBUF
    U14                  OBUF (Prop_obuf_I_O)         1.116     2.022 r  q_OBUF_inst/O
                         net (fo=0)                   0.000     2.022    q
    U14                                                               r  q (OUT)
  -------------------------------------------------------------------    -------------------

Slack:                    inf
  Source:                 r
                            (input port)
  Destination:            qb
                            (output port)
  Path Group:             (none)
  Path Type:              Min at Fast Process Corner
  Data Path Delay:        2.176ns  (logic 1.364ns (62.699%)  route 0.812ns (37.301%))
  Logic Levels:           4  (IBUF=1 LUT2=1 LUT3=1 OBUF=1)

    Location             Delay type                Incr(ns)  Path(ns)    Netlist Resource(s)
  -------------------------------------------------------------------    -------------------
    V13                                               0.000     0.000 r  r (IN)
                         net (fo=0)                   0.000     0.000    r
    V13                  IBUF (Prop_ibuf_I_O)         0.163     0.163 r  r_IBUF_inst/O
                         net (fo=1, routed)           0.342     0.505    r_IBUF
    SLICE_X0Y1           LUT3 (Prop_lut3_I0_O)        0.045     0.550 f  q_OBUF_inst_i_1/O
                         net (fo=3, routed)           0.119     0.669    q_OBUF
    SLICE_X0Y1           LUT2 (Prop_lut2_I1_O)        0.045     0.714 r  qb_OBUF_inst_i_1/O
                         net (fo=1, routed)           0.351     1.065    qb_OBUF
    V14                  OBUF (Prop_obuf_I_O)         1.111     2.176 r  qb_OBUF_inst/O
                         net (fo=0)                   0.000     2.176    qb
    V14                                                               r  qb (OUT)
  -------------------------------------------------------------------    -------------------





