Copyright 1986-2022 Xilinx, Inc. All Rights Reserved. Copyright 2022-2023 Advanced Micro Devices, Inc. All Rights Reserved.
---------------------------------------------------------------------------------------------------------------------------------------------
| Tool Version : Vivado v.2023.1 (win64) Build 3865809 Sun May  7 15:05:29 MDT 2023
| Date         : Thu Feb 29 19:38:11 2024
| Host         : DESKTOP-QFKULV6 running 64-bit major release  (build 9200)
| Command      : report_control_sets -verbose -file top_module_control_sets_placed.rpt
| Design       : top_module
| Device       : xc7a35t
---------------------------------------------------------------------------------------------------------------------------------------------

Control Set Information

Table of Contents
-----------------
1. Summary
2. Histogram
3. Flip-Flop Distribution
4. Detailed Control Set Information

1. Summary
----------

+----------------------------------------------------------+-------+
|                          Status                          | Count |
+----------------------------------------------------------+-------+
| Total control sets                                       |     8 |
|    Minimum number of control sets                        |     8 |
|    Addition due to synthesis replication                 |     0 |
|    Addition due to physical synthesis replication        |     0 |
| Unused register locations in slices containing registers |    22 |
+----------------------------------------------------------+-------+
* Control sets can be merged at opt_design using control_set_merge or merge_equivalent_drivers
** Run report_qor_suggestions for automated merging and remapping suggestions


2. Histogram
------------

+--------------------+-------+
|       Fanout       | Count |
+--------------------+-------+
| Total control sets |     8 |
| >= 0 to < 4        |     1 |
| >= 4 to < 6        |     4 |
| >= 6 to < 8        |     0 |
| >= 8 to < 10       |     1 |
| >= 10 to < 12      |     0 |
| >= 12 to < 14      |     0 |
| >= 14 to < 16      |     2 |
| >= 16              |     0 |
+--------------------+-------+
* Control sets can be remapped at either synth_design or opt_design


3. Flip-Flop Distribution
-------------------------

+--------------+-----------------------+------------------------+-----------------+--------------+
| Clock Enable | Synchronous Set/Reset | Asynchronous Set/Reset | Total Registers | Total Slices |
+--------------+-----------------------+------------------------+-----------------+--------------+
| No           | No                    | No                     |               0 |            0 |
| No           | No                    | Yes                    |              50 |           17 |
| No           | Yes                   | No                     |               0 |            0 |
| Yes          | No                    | No                     |               0 |            0 |
| Yes          | No                    | Yes                    |               8 |            2 |
| Yes          | Yes                   | No                     |               0 |            0 |
+--------------+-----------------------+------------------------+-----------------+--------------+


4. Detailed Control Set Information
-----------------------------------

+-----------------------------+-----------------------------------+------------------+------------------+----------------+--------------+
|         Clock Signal        |           Enable Signal           | Set/Reset Signal | Slice Load Count | Bel Load Count | Bels / Slice |
+-----------------------------+-----------------------------------+------------------+------------------+----------------+--------------+
|  clk_tree_0/clk_1hz_2       |                                   | btnR_IBUF        |                1 |              1 |         1.00 |
|  timer_0/min_unit_cout      |                                   | btnR_IBUF        |                1 |              4 |         4.00 |
| ~clk_tree_0/clk_1hz_r_reg_0 |                                   | btnR_IBUF        |                2 |              5 |         2.50 |
|  timer_0/sec_deca_cout      |                                   | btnR_IBUF        |                2 |              5 |         2.50 |
|  timer_0/sec_unit_cout      |                                   | btnR_IBUF        |                1 |              5 |         5.00 |
|  clk_tree_0/clk_500hz       | clk_tree_0/cnter_1hz_r[7]_i_1_n_0 | btnR_IBUF        |                2 |              8 |         4.00 |
|  clk_tree_0/clk_500hz       |                                   | btnR_IBUF        |                7 |             15 |         2.14 |
|  clk_IBUF_BUFG              |                                   | btnR_IBUF        |                3 |             15 |         5.00 |
+-----------------------------+-----------------------------------+------------------+------------------+----------------+--------------+


